<?xml version="1.0" encoding="UTF-8"?>
<testng-results ignored="0" total="3" passed="3" failed="0" skipped="0">
  <reporter-output>
  </reporter-output>
  <suite started-at="2023-04-06T14:34:46 IST" name="Suite" finished-at="2023-04-06T14:34:54 IST" duration-ms="8101">
    <groups>
      <group name="cucumber">
        <method signature="AbstractTestNGCucumberTests.runScenario(io.cucumber.testng.PickleWrapper,io.cucumber.testng.FeatureWrapper)[pri:0, instance:com.parabank.webapp.parallel.RunnerClassTestNg@54c5a2ff]" name="runScenario" class="io.cucumber.testng.AbstractTestNGCucumberTests"/>
      </group> <!-- cucumber -->
    </groups>
    <test started-at="2023-04-06T14:34:46 IST" name="Cucumber with TestNG Test" finished-at="2023-04-06T14:34:54 IST" duration-ms="8101">
      <class name="com.parabank.webapp.parallel.RunnerClassTestNg">
        <test-method is-config="true" signature="setUpClass(org.testng.ITestContext)[pri:0, instance:com.parabank.webapp.parallel.RunnerClassTestNg@54c5a2ff]" started-at="2023-04-06T14:34:46 IST" name="setUpClass" finished-at="2023-04-06T14:34:46 IST" duration-ms="238" status="PASS">
          <params>
            <param index="0">
              <value>
                <![CDATA[org.testng.TestRunner@6b7906b3]]>
              </value>
            </param>
          </params>
          <reporter-output>
          </reporter-output>
        </test-method> <!-- setUpClass -->
        <test-method signature="runScenario(io.cucumber.testng.PickleWrapper,io.cucumber.testng.FeatureWrapper)[pri:0, instance:com.parabank.webapp.parallel.RunnerClassTestNg@54c5a2ff]" started-at="2023-04-06T14:34:46 IST" name="runScenario" description="Runs Cucumber Scenarios" data-provider="scenarios" finished-at="2023-04-06T14:34:54 IST" duration-ms="7795" status="PASS">
          <params>
            <param index="0">
              <value>
                <![CDATA["to fill the registration page"]]>
              </value>
            </param>
            <param index="1">
              <value>
                <![CDATA["User Registration Page functional testing"]]>
              </value>
            </param>
          </params>
          <reporter-output>
          </reporter-output>
        </test-method> <!-- runScenario -->
        <test-method signature="runScenario(io.cucumber.testng.PickleWrapper,io.cucumber.testng.FeatureWrapper)[pri:0, instance:com.parabank.webapp.parallel.RunnerClassTestNg@54c5a2ff]" started-at="2023-04-06T14:34:46 IST" name="runScenario" description="Runs Cucumber Scenarios" data-provider="scenarios" finished-at="2023-04-06T14:34:53 IST" duration-ms="7314" status="PASS">
          <params>
            <param index="0">
              <value>
                <![CDATA["To check weather company logo and caption displayed"]]>
              </value>
            </param>
            <param index="1">
              <value>
                <![CDATA["testing HomePage"]]>
              </value>
            </param>
          </params>
          <reporter-output>
          </reporter-output>
        </test-method> <!-- runScenario -->
        <test-method signature="runScenario(io.cucumber.testng.PickleWrapper,io.cucumber.testng.FeatureWrapper)[pri:0, instance:com.parabank.webapp.parallel.RunnerClassTestNg@54c5a2ff]" started-at="2023-04-06T14:34:46 IST" name="runScenario" description="Runs Cucumber Scenarios" data-provider="scenarios" finished-at="2023-04-06T14:34:54 IST" duration-ms="7765" status="PASS">
          <params>
            <param index="0">
              <value>
                <![CDATA["to fill the registration page"]]>
              </value>
            </param>
            <param index="1">
              <value>
                <![CDATA["User Registration Page functional testing"]]>
              </value>
            </param>
          </params>
          <reporter-output>
          </reporter-output>
        </test-method> <!-- runScenario -->
        <test-method is-config="true" signature="tearDownClass()[pri:0, instance:com.parabank.webapp.parallel.RunnerClassTestNg@54c5a2ff]" started-at="2023-04-06T14:34:54 IST" name="tearDownClass" finished-at="2023-04-06T14:34:54 IST" duration-ms="24" status="PASS">
          <reporter-output>
          </reporter-output>
        </test-method> <!-- tearDownClass -->
      </class> <!-- com.parabank.webapp.parallel.RunnerClassTestNg -->
    </test> <!-- Cucumber with TestNG Test -->
  </suite> <!-- Suite -->
</testng-results>
